2018-03-22 14:19:01,572 - BrowserEngine - INFO - You had select Chrome browser.
2018-03-22 14:19:01,573 - BrowserEngine - INFO - The test server url is: https://www.baidu.com
2018-03-22 14:19:07,286 - BrowserEngine - INFO - Starting Chrome browser.
2018-03-22 14:19:09,051 - BrowserEngine - INFO - Open url: https://www.baidu.com
2018-03-22 14:19:10,255 - BrowserEngine - INFO - Maximize the current window.
2018-03-22 14:19:10,256 - BrowserEngine - INFO - Set implicitly wait 10 seconds.
2018-03-22 14:19:10,302 - BasePage - INFO - Had find the element '  ' successful by id via value: kw 
2018-03-22 14:19:10,637 - BasePage - INFO - Had type ' selenium ' in inputBox
2018-03-22 14:19:10,710 - BasePage - INFO - Had find the element '  ' successful by xpath via value: //*[@id='su'] 
2018-03-22 14:19:10,852 - BasePage - INFO - The element '  ' was clicked.
2018-03-22 14:19:13,342 - BasePage - INFO - Had take screenshot and save to folder : /screenshots
2018-03-22 14:19:13,349 - BasePage - INFO - Current page title is selenium_百度搜索
2018-03-22 14:19:13,374 - BasePage - INFO - Had find the element '  ' successful by id via value: kw 
2018-03-22 14:19:13,507 - BasePage - INFO - Had type ' python ' in inputBox
2018-03-22 14:19:13,542 - BasePage - INFO - Had find the element '  ' successful by xpath via value: //*[@id='su'] 
2018-03-22 14:19:13,664 - BasePage - INFO - The element '  ' was clicked.
2018-03-22 14:19:15,969 - BasePage - INFO - Had take screenshot and save to folder : /screenshots
2018-03-22 14:19:19,157 - BrowserEngine - INFO - You had select Chrome browser.
2018-03-22 14:19:19,160 - BrowserEngine - INFO - The test server url is: https://www.baidu.com
2018-03-22 14:19:24,082 - BrowserEngine - INFO - Starting Chrome browser.
2018-03-22 14:19:25,763 - BrowserEngine - INFO - Open url: https://www.baidu.com
2018-03-22 14:19:27,013 - BrowserEngine - INFO - Maximize the current window.
2018-03-22 14:19:27,017 - BrowserEngine - INFO - Set implicitly wait 10 seconds.
2018-03-22 14:19:27,026 - BasePage - INFO - Current page title is 百度一下，你就知道
